<?xml version="1.0" encoding="UTF-8"?>
<!-- Generated by org.testng.reporters.JUnitReportReporter -->
<testsuite hostname="Preeti" failures="0" tests="6" name="com.test.tests.TekarchEnd2EndTestScript" time="18.556" errors="0" timestamp="2023-07-03T15:48:32 PDT" skipped="2">
  <testcase classname="com.test.tests.TekarchEnd2EndTestScript" name="login" time="1.667"/>
  <system-out/>
  <testcase classname="com.test.tests.TekarchEnd2EndTestScript" name="addUsers" time="1.994"/>
  <system-out/>
  <testcase classname="com.test.tests.TekarchEnd2EndTestScript" name="updateUser" time="14.680"/>
  <system-out/>
  <testcase classname="com.test.tests.TekarchEnd2EndTestScript" name="deleteUser" time="0.215"/>
  <system-out/>
  <testcase classname="com.test.tests.TekarchEnd2EndTestScript" name="getUsers">
    <skipped/>
  </testcase> <!-- getUsers -->
  <system-out/>
  <testcase classname="com.test.tests.TekarchEnd2EndTestScript" name="getAllAccountNoForUser">
    <skipped/>
  </testcase> <!-- getAllAccountNoForUser -->
  <system-out/>
</testsuite> <!-- com.test.tests.TekarchEnd2EndTestScript -->
